{"level":"INFO","message":"[8:27:02.635 PM]: Creating new connection object"}
{"level":"INFO","message":"[8:27:02.725 PM]: Creating Connection[id: 623da599-6247-4755-b9f6-7f50cb763627] with host: WNRWAJN-NBC34656.snowflakecomputing.com, account: WNRWAJN-NBC34656, accessUrl: https://WNRWAJN-NBC34656.snowflakecomputing.com, user: SECURE_FLAKE, password is provided, role: undefined, database: undefined, schema: undefined, warehouse: undefined, region: undefined, authenticator: SNOWFLAKE, ocsp mode: FAIL_OPEN, os: win32, os version: 10.0.26200"}
{"level":"INFO","message":"[8:27:02.728 PM]: Connection[id: 623da599-6247-4755-b9f6-7f50cb763627] additional details: passcode in password is provided, passcode is not provided, private key is not provided, application: undefined, client name: snowflake-sdk, client version: 1.15.0, retry timeout: 300, private key path: undefined, private key pass is not provided, client store temporary credential: false, browser response timeout: 120000"}
{"level":"INFO","message":"[8:27:02.732 PM]: Connection[id: 623da599-6247-4755-b9f6-7f50cb763627] - connection object created successfully."}
{"level":"INFO","message":"[8:27:02.739 PM]: Connection[id: 623da599-6247-4755-b9f6-7f50cb763627] - connecting. Associated Snowflake domain: GLOBAL"}
{"level":"INFO","message":"[8:27:02.746 PM]: Connection[id: 623da599-6247-4755-b9f6-7f50cb763627] - authentication successful using: SNOWFLAKE"}
{"level":"INFO","message":"[8:27:02.751 PM]: Trying to initialize Easy Logging"}
{"level":"INFO","message":"[8:27:02.756 PM]: No client config detected."}
{"level":"INFO","message":"[8:27:02.761 PM]: No config file path found. Client config will not be used."}
{"level":"INFO","message":"[8:27:02.763 PM]: Easy Logging is disabled as no config has been found"}
{"level":"INFO","message":"[8:27:02.768 PM]: Connection[id: 623da599-6247-4755-b9f6-7f50cb763627] - connected successfully after 28.94779999999446 milliseconds"}
{"level":"INFO","message":"[8:28:53.687 PM]: Creating new connection object"}
{"level":"INFO","message":"[8:28:53.695 PM]: Creating Connection[id: ca38c2c7-6565-499f-b8b7-9264c7a06572] with host: WNRWAJN-NBC34656.snowflakecomputing.com, account: WNRWAJN-NBC34656, accessUrl: https://WNRWAJN-NBC34656.snowflakecomputing.com, user: SECURE_FLAKE, password is provided, role: undefined, database: undefined, schema: undefined, warehouse: undefined, region: undefined, authenticator: SNOWFLAKE, ocsp mode: FAIL_OPEN, os: win32, os version: 10.0.26200"}
{"level":"INFO","message":"[8:28:53.702 PM]: Connection[id: ca38c2c7-6565-499f-b8b7-9264c7a06572] additional details: passcode in password is provided, passcode is not provided, private key is not provided, application: undefined, client name: snowflake-sdk, client version: 1.15.0, retry timeout: 300, private key path: undefined, private key pass is not provided, client store temporary credential: false, browser response timeout: 120000"}
{"level":"INFO","message":"[8:28:53.709 PM]: Connection[id: ca38c2c7-6565-499f-b8b7-9264c7a06572] - connection object created successfully."}
{"level":"INFO","message":"[8:28:53.715 PM]: Connection[id: ca38c2c7-6565-499f-b8b7-9264c7a06572] - connecting. Associated Snowflake domain: GLOBAL"}
{"level":"INFO","message":"[8:28:53.718 PM]: Connection[id: ca38c2c7-6565-499f-b8b7-9264c7a06572] - authentication successful using: SNOWFLAKE"}
{"level":"INFO","message":"[8:28:53.720 PM]: Connection[id: ca38c2c7-6565-499f-b8b7-9264c7a06572] - connected successfully after 4.977000000013504 milliseconds"}
{"level":"INFO","message":"[8:35:12.571 PM]: Creating new connection object"}
{"level":"INFO","message":"[8:35:12.635 PM]: Creating Connection[id: c225f5ca-e978-4197-9e8f-43b5c5309277] with host: WNRWAJN-NBC34656.snowflakecomputing.com, account: WNRWAJN-NBC34656, accessUrl: https://WNRWAJN-NBC34656.snowflakecomputing.com, user: SECURE_FLAKE, password is provided, role: undefined, database: undefined, schema: undefined, warehouse: undefined, region: undefined, authenticator: SNOWFLAKE, ocsp mode: FAIL_OPEN, os: win32, os version: 10.0.26200"}
{"level":"INFO","message":"[8:35:12.638 PM]: Connection[id: c225f5ca-e978-4197-9e8f-43b5c5309277] additional details: passcode in password is provided, passcode is not provided, private key is not provided, application: undefined, client name: snowflake-sdk, client version: 1.15.0, retry timeout: 300, private key path: undefined, private key pass is not provided, client store temporary credential: false, browser response timeout: 120000"}
{"level":"INFO","message":"[8:35:12.640 PM]: Connection[id: c225f5ca-e978-4197-9e8f-43b5c5309277] - connection object created successfully."}
{"level":"INFO","message":"[8:35:12.642 PM]: Connection[id: c225f5ca-e978-4197-9e8f-43b5c5309277] - connecting. Associated Snowflake domain: GLOBAL"}
{"level":"INFO","message":"[8:35:12.655 PM]: Connection[id: c225f5ca-e978-4197-9e8f-43b5c5309277] - authentication successful using: SNOWFLAKE"}
{"level":"INFO","message":"[8:35:12.657 PM]: Trying to initialize Easy Logging"}
{"level":"INFO","message":"[8:35:12.668 PM]: No client config detected."}
{"level":"INFO","message":"[8:35:12.670 PM]: No config file path found. Client config will not be used."}
{"level":"INFO","message":"[8:35:12.671 PM]: Easy Logging is disabled as no config has been found"}
{"level":"INFO","message":"[8:35:12.680 PM]: Connection[id: c225f5ca-e978-4197-9e8f-43b5c5309277] - connected successfully after 37.268700000000536 milliseconds"}
{"level":"INFO","message":"[8:42:34.699 PM]: Creating new connection object"}
{"level":"INFO","message":"[8:42:34.744 PM]: Creating Connection[id: e2f8bc8d-b3db-488e-905f-7d2756b3c694] with host: WNRWAJN-NBC34656.snowflakecomputing.com, account: WNRWAJN-NBC34656, accessUrl: https://WNRWAJN-NBC34656.snowflakecomputing.com, user: SECURE_FLAKE, password is provided, role: undefined, database: undefined, schema: undefined, warehouse: undefined, region: undefined, authenticator: SNOWFLAKE, ocsp mode: FAIL_OPEN, os: win32, os version: 10.0.26200"}
{"level":"INFO","message":"[8:42:34.745 PM]: Connection[id: e2f8bc8d-b3db-488e-905f-7d2756b3c694] additional details: passcode in password is provided, passcode is not provided, private key is not provided, application: undefined, client name: snowflake-sdk, client version: 1.15.0, retry timeout: 300, private key path: undefined, private key pass is not provided, client store temporary credential: false, browser response timeout: 120000"}
{"level":"INFO","message":"[8:42:34.748 PM]: Connection[id: e2f8bc8d-b3db-488e-905f-7d2756b3c694] - connection object created successfully."}
{"level":"INFO","message":"[8:42:34.749 PM]: Connection[id: e2f8bc8d-b3db-488e-905f-7d2756b3c694] - connecting. Associated Snowflake domain: GLOBAL"}
{"level":"INFO","message":"[8:42:34.750 PM]: Connection[id: e2f8bc8d-b3db-488e-905f-7d2756b3c694] - authentication successful using: SNOWFLAKE"}
{"level":"INFO","message":"[8:42:34.751 PM]: Trying to initialize Easy Logging"}
{"level":"INFO","message":"[8:42:34.755 PM]: No client config detected."}
{"level":"INFO","message":"[8:42:34.756 PM]: No config file path found. Client config will not be used."}
{"level":"INFO","message":"[8:42:34.756 PM]: Easy Logging is disabled as no config has been found"}
{"level":"INFO","message":"[8:42:34.763 PM]: Connection[id: e2f8bc8d-b3db-488e-905f-7d2756b3c694] - connected successfully after 13.790999999997439 milliseconds"}
{"level":"INFO","message":"[8:46:01.227 PM]: Creating new connection object"}
{"level":"INFO","message":"[8:46:01.294 PM]: Creating Connection[id: 5e215635-b0e5-4d86-8879-fedb0a40aab7] with host: WNRWAJN-NBC34656.snowflakecomputing.com, account: WNRWAJN-NBC34656, accessUrl: https://WNRWAJN-NBC34656.snowflakecomputing.com, user: SECURE_FLAKE, password is provided, role: undefined, database: undefined, schema: undefined, warehouse: undefined, region: undefined, authenticator: SNOWFLAKE, ocsp mode: FAIL_OPEN, os: win32, os version: 10.0.26200"}
{"level":"INFO","message":"[8:46:01.302 PM]: Connection[id: 5e215635-b0e5-4d86-8879-fedb0a40aab7] additional details: passcode in password is provided, passcode is not provided, private key is not provided, application: undefined, client name: snowflake-sdk, client version: 1.15.0, retry timeout: 300, private key path: undefined, private key pass is not provided, client store temporary credential: false, browser response timeout: 120000"}
{"level":"INFO","message":"[8:46:01.306 PM]: Connection[id: 5e215635-b0e5-4d86-8879-fedb0a40aab7] - connection object created successfully."}
{"level":"INFO","message":"[8:46:01.309 PM]: Connection[id: 5e215635-b0e5-4d86-8879-fedb0a40aab7] - connecting. Associated Snowflake domain: GLOBAL"}
{"level":"INFO","message":"[8:46:01.320 PM]: Connection[id: 5e215635-b0e5-4d86-8879-fedb0a40aab7] - authentication successful using: SNOWFLAKE"}
{"level":"INFO","message":"[8:46:01.326 PM]: Trying to initialize Easy Logging"}
{"level":"INFO","message":"[8:46:01.338 PM]: No client config detected."}
{"level":"INFO","message":"[8:46:01.341 PM]: No config file path found. Client config will not be used."}
{"level":"INFO","message":"[8:46:01.345 PM]: Easy Logging is disabled as no config has been found"}
{"level":"INFO","message":"[8:46:01.360 PM]: Connection[id: 5e215635-b0e5-4d86-8879-fedb0a40aab7] - connected successfully after 51.3695000000007 milliseconds"}
{"level":"INFO","message":"[8:47:27.345 PM]: Creating new connection object"}
{"level":"INFO","message":"[8:47:27.348 PM]: Creating Connection[id: bd88ec8b-f793-4413-be3d-71f5c9575f4f] with host: WNRWAJN-NBC34656.snowflakecomputing.com, account: WNRWAJN-NBC34656, accessUrl: https://WNRWAJN-NBC34656.snowflakecomputing.com, user: SECURE_FLAKE, password is provided, role: undefined, database: undefined, schema: undefined, warehouse: undefined, region: undefined, authenticator: SNOWFLAKE, ocsp mode: FAIL_OPEN, os: win32, os version: 10.0.26200"}
{"level":"INFO","message":"[8:47:27.348 PM]: Connection[id: bd88ec8b-f793-4413-be3d-71f5c9575f4f] additional details: passcode in password is provided, passcode is not provided, private key is not provided, application: undefined, client name: snowflake-sdk, client version: 1.15.0, retry timeout: 300, private key path: undefined, private key pass is not provided, client store temporary credential: false, browser response timeout: 120000"}
{"level":"INFO","message":"[8:47:27.349 PM]: Connection[id: bd88ec8b-f793-4413-be3d-71f5c9575f4f] - connection object created successfully."}
{"level":"INFO","message":"[8:47:27.351 PM]: Connection[id: bd88ec8b-f793-4413-be3d-71f5c9575f4f] - connecting. Associated Snowflake domain: GLOBAL"}
{"level":"INFO","message":"[8:47:27.355 PM]: Connection[id: bd88ec8b-f793-4413-be3d-71f5c9575f4f] - authentication successful using: SNOWFLAKE"}
{"level":"INFO","message":"[8:47:27.362 PM]: Connection[id: bd88ec8b-f793-4413-be3d-71f5c9575f4f] - connected successfully after 11.059899999992922 milliseconds"}
{"level":"INFO","message":"[8:57:20.715 PM]: Creating new connection object"}
{"level":"INFO","message":"[8:57:20.786 PM]: Creating Connection[id: f08718ff-2cda-43df-b2e0-46ef1f7fcb91] with host: WNRWAJN-NBC34656.snowflakecomputing.com, account: WNRWAJN-NBC34656, accessUrl: https://WNRWAJN-NBC34656.snowflakecomputing.com, user: SECURE_FLAKE, password is provided, role: undefined, database: undefined, schema: undefined, warehouse: undefined, region: undefined, authenticator: SNOWFLAKE, ocsp mode: FAIL_OPEN, os: win32, os version: 10.0.26200"}
{"level":"INFO","message":"[8:57:20.787 PM]: Connection[id: f08718ff-2cda-43df-b2e0-46ef1f7fcb91] additional details: passcode in password is provided, passcode is not provided, private key is not provided, application: undefined, client name: snowflake-sdk, client version: 1.15.0, retry timeout: 300, private key path: undefined, private key pass is not provided, client store temporary credential: false, browser response timeout: 120000"}
{"level":"INFO","message":"[8:57:20.789 PM]: Connection[id: f08718ff-2cda-43df-b2e0-46ef1f7fcb91] - connection object created successfully."}
{"level":"INFO","message":"[8:57:20.795 PM]: Connection[id: f08718ff-2cda-43df-b2e0-46ef1f7fcb91] - connecting. Associated Snowflake domain: GLOBAL"}
{"level":"INFO","message":"[8:57:20.812 PM]: Connection[id: f08718ff-2cda-43df-b2e0-46ef1f7fcb91] - authentication successful using: SNOWFLAKE"}
{"level":"INFO","message":"[8:57:20.814 PM]: Trying to initialize Easy Logging"}
{"level":"INFO","message":"[8:57:20.835 PM]: No client config detected."}
{"level":"INFO","message":"[8:57:20.841 PM]: No config file path found. Client config will not be used."}
{"level":"INFO","message":"[8:57:20.842 PM]: Easy Logging is disabled as no config has been found"}
{"level":"INFO","message":"[8:57:20.847 PM]: Connection[id: f08718ff-2cda-43df-b2e0-46ef1f7fcb91] - connected successfully after 51.76109999997425 milliseconds"}
{"level":"INFO","message":"[8:58:12.114 PM]: Creating new connection object"}
{"level":"INFO","message":"[8:58:12.116 PM]: Creating Connection[id: 543c1748-0a55-4dcc-86f1-69552d14a709] with host: WNRWAJN-NBC34656.snowflakecomputing.com, account: WNRWAJN-NBC34656, accessUrl: https://WNRWAJN-NBC34656.snowflakecomputing.com, user: SECURE_FLAKE, password is provided, role: undefined, database: undefined, schema: undefined, warehouse: undefined, region: undefined, authenticator: SNOWFLAKE, ocsp mode: FAIL_OPEN, os: win32, os version: 10.0.26200"}
{"level":"INFO","message":"[8:58:12.117 PM]: Connection[id: 543c1748-0a55-4dcc-86f1-69552d14a709] additional details: passcode in password is provided, passcode is not provided, private key is not provided, application: undefined, client name: snowflake-sdk, client version: 1.15.0, retry timeout: 300, private key path: undefined, private key pass is not provided, client store temporary credential: false, browser response timeout: 120000"}
{"level":"INFO","message":"[8:58:12.117 PM]: Connection[id: 543c1748-0a55-4dcc-86f1-69552d14a709] - connection object created successfully."}
{"level":"INFO","message":"[8:58:12.118 PM]: Connection[id: 543c1748-0a55-4dcc-86f1-69552d14a709] - connecting. Associated Snowflake domain: GLOBAL"}
{"level":"INFO","message":"[8:58:12.119 PM]: Connection[id: 543c1748-0a55-4dcc-86f1-69552d14a709] - authentication successful using: SNOWFLAKE"}
{"level":"INFO","message":"[8:58:12.121 PM]: Connection[id: 543c1748-0a55-4dcc-86f1-69552d14a709] - connected successfully after 2.9565000000293367 milliseconds"}
{"level":"INFO","message":"[8:58:13.366 PM]: Creating new connection object"}
{"level":"INFO","message":"[8:58:13.367 PM]: Creating Connection[id: f6ac512e-4f7f-4642-a3e4-6668a5c627a2] with host: WNRWAJN-NBC34656.snowflakecomputing.com, account: WNRWAJN-NBC34656, accessUrl: https://WNRWAJN-NBC34656.snowflakecomputing.com, user: SECURE_FLAKE, password is provided, role: undefined, database: undefined, schema: undefined, warehouse: undefined, region: undefined, authenticator: SNOWFLAKE, ocsp mode: FAIL_OPEN, os: win32, os version: 10.0.26200"}
{"level":"INFO","message":"[8:58:13.368 PM]: Connection[id: f6ac512e-4f7f-4642-a3e4-6668a5c627a2] additional details: passcode in password is provided, passcode is not provided, private key is not provided, application: undefined, client name: snowflake-sdk, client version: 1.15.0, retry timeout: 300, private key path: undefined, private key pass is not provided, client store temporary credential: false, browser response timeout: 120000"}
{"level":"INFO","message":"[8:58:13.368 PM]: Connection[id: f6ac512e-4f7f-4642-a3e4-6668a5c627a2] - connection object created successfully."}
{"level":"INFO","message":"[8:58:13.369 PM]: Connection[id: f6ac512e-4f7f-4642-a3e4-6668a5c627a2] - connecting. Associated Snowflake domain: GLOBAL"}
{"level":"INFO","message":"[8:58:13.369 PM]: Connection[id: f6ac512e-4f7f-4642-a3e4-6668a5c627a2] - authentication successful using: SNOWFLAKE"}
{"level":"INFO","message":"[8:58:13.372 PM]: Connection[id: f6ac512e-4f7f-4642-a3e4-6668a5c627a2] - connected successfully after 3.4171000000205822 milliseconds"}
{"level":"INFO","message":"[1:12:26.880 PM]: Creating new connection object"}
{"level":"INFO","message":"[1:12:26.958 PM]: Creating Connection[id: c597298b-7d7f-4562-89ab-a316491bba76] with host: WNRWAJN-NBC34656.snowflakecomputing.com, account: WNRWAJN-NBC34656, accessUrl: https://WNRWAJN-NBC34656.snowflakecomputing.com, user: JOHN_DOE, password is provided, role: undefined, database: undefined, schema: undefined, warehouse: undefined, region: undefined, authenticator: SNOWFLAKE, ocsp mode: FAIL_OPEN, os: win32, os version: 10.0.26200"}
{"level":"INFO","message":"[1:12:26.959 PM]: Connection[id: c597298b-7d7f-4562-89ab-a316491bba76] additional details: passcode in password is provided, passcode is not provided, private key is not provided, application: undefined, client name: snowflake-sdk, client version: 1.15.0, retry timeout: 300, private key path: undefined, private key pass is not provided, client store temporary credential: false, browser response timeout: 120000"}
{"level":"INFO","message":"[1:12:26.963 PM]: Connection[id: c597298b-7d7f-4562-89ab-a316491bba76] - connection object created successfully."}
{"level":"INFO","message":"[1:12:26.965 PM]: Connection[id: c597298b-7d7f-4562-89ab-a316491bba76] - connecting. Associated Snowflake domain: GLOBAL"}
{"level":"INFO","message":"[1:12:26.973 PM]: Connection[id: c597298b-7d7f-4562-89ab-a316491bba76] - authentication successful using: SNOWFLAKE"}
{"level":"INFO","message":"[1:12:26.975 PM]: Trying to initialize Easy Logging"}
{"level":"INFO","message":"[1:12:26.983 PM]: No client config detected."}
{"level":"INFO","message":"[1:12:26.984 PM]: No config file path found. Client config will not be used."}
{"level":"INFO","message":"[1:12:26.986 PM]: Easy Logging is disabled as no config has been found"}
{"level":"INFO","message":"[1:12:26.994 PM]: Connection[id: c597298b-7d7f-4562-89ab-a316491bba76] - connected successfully after 29.120699999999488 milliseconds"}
{"level":"INFO","message":"[1:14:29.954 PM]: Creating new connection object"}
{"level":"INFO","message":"[1:14:29.956 PM]: Creating Connection[id: ef63ef04-91ed-443e-abd1-73c98f951ab7] with host: WNRWAJN-NBC34656.snowflakecomputing.com, account: WNRWAJN-NBC34656, accessUrl: https://WNRWAJN-NBC34656.snowflakecomputing.com, user: JOHN_DOE, password is provided, role: undefined, database: undefined, schema: undefined, warehouse: undefined, region: undefined, authenticator: SNOWFLAKE, ocsp mode: FAIL_OPEN, os: win32, os version: 10.0.26200"}
{"level":"INFO","message":"[1:14:29.958 PM]: Connection[id: ef63ef04-91ed-443e-abd1-73c98f951ab7] additional details: passcode in password is provided, passcode is not provided, private key is not provided, application: undefined, client name: snowflake-sdk, client version: 1.15.0, retry timeout: 300, private key path: undefined, private key pass is not provided, client store temporary credential: false, browser response timeout: 120000"}
{"level":"INFO","message":"[1:14:29.961 PM]: Connection[id: ef63ef04-91ed-443e-abd1-73c98f951ab7] - connection object created successfully."}
{"level":"INFO","message":"[1:14:29.962 PM]: Connection[id: ef63ef04-91ed-443e-abd1-73c98f951ab7] - connecting. Associated Snowflake domain: GLOBAL"}
{"level":"INFO","message":"[1:14:29.964 PM]: Connection[id: ef63ef04-91ed-443e-abd1-73c98f951ab7] - authentication successful using: SNOWFLAKE"}
{"level":"INFO","message":"[1:14:29.967 PM]: Connection[id: ef63ef04-91ed-443e-abd1-73c98f951ab7] - connected successfully after 4.983000000007451 milliseconds"}
{"level":"INFO","message":"[1:15:23.255 PM]: Creating new connection object"}
{"level":"INFO","message":"[1:15:23.256 PM]: Creating Connection[id: 3fb59f0f-abeb-4d3e-b17c-9d7153f51cd6] with host: WNRWAJN-NBC34656.snowflakecomputing.com.snowflakecomputing.com, account: WNRWAJN-NBC34656, accessUrl: https://WNRWAJN-NBC34656.snowflakecomputing.com.snowflakecomputing.com, user: JOHN_DOE, password is provided, role: undefined, database: undefined, schema: undefined, warehouse: undefined, region: snowflakecomputing.com, authenticator: SNOWFLAKE, ocsp mode: FAIL_OPEN, os: win32, os version: 10.0.26200"}
{"level":"INFO","message":"[1:15:23.257 PM]: Connection[id: 3fb59f0f-abeb-4d3e-b17c-9d7153f51cd6] additional details: passcode in password is provided, passcode is not provided, private key is not provided, application: undefined, client name: snowflake-sdk, client version: 1.15.0, retry timeout: 300, private key path: undefined, private key pass is not provided, client store temporary credential: false, browser response timeout: 120000"}
{"level":"INFO","message":"[1:15:23.257 PM]: Connection[id: 3fb59f0f-abeb-4d3e-b17c-9d7153f51cd6] - connection object created successfully."}
{"level":"INFO","message":"[1:15:23.258 PM]: Connection[id: 3fb59f0f-abeb-4d3e-b17c-9d7153f51cd6] - connecting. Associated Snowflake domain: GLOBAL"}
{"level":"INFO","message":"[1:15:23.258 PM]: Connection[id: 3fb59f0f-abeb-4d3e-b17c-9d7153f51cd6] - authentication successful using: SNOWFLAKE"}
{"level":"INFO","message":"[1:15:23.259 PM]: Connection[id: 3fb59f0f-abeb-4d3e-b17c-9d7153f51cd6] - connected successfully after 1.647400000016205 milliseconds"}
{"level":"INFO","message":"[1:18:19.725 PM]: Creating new connection object"}
{"level":"INFO","message":"[1:18:19.784 PM]: Creating Connection[id: a323c3b3-f91c-4953-a8d1-e6aadd20c1ae] with host: WNRWAJN-NBC34656.snowflakecomputing.com.snowflakecomputing.com, account: WNRWAJN-NBC34656, accessUrl: https://WNRWAJN-NBC34656.snowflakecomputing.com.snowflakecomputing.com, user: JOHN_DOE, password is provided, role: undefined, database: undefined, schema: undefined, warehouse: undefined, region: snowflakecomputing.com, authenticator: SNOWFLAKE, ocsp mode: FAIL_OPEN, os: win32, os version: 10.0.26200"}
{"level":"INFO","message":"[1:18:19.785 PM]: Connection[id: a323c3b3-f91c-4953-a8d1-e6aadd20c1ae] additional details: passcode in password is provided, passcode is not provided, private key is not provided, application: undefined, client name: snowflake-sdk, client version: 1.15.0, retry timeout: 300, private key path: undefined, private key pass is not provided, client store temporary credential: false, browser response timeout: 120000"}
{"level":"INFO","message":"[1:18:19.787 PM]: Connection[id: a323c3b3-f91c-4953-a8d1-e6aadd20c1ae] - connection object created successfully."}
{"level":"INFO","message":"[1:18:19.791 PM]: Connection[id: a323c3b3-f91c-4953-a8d1-e6aadd20c1ae] - connecting. Associated Snowflake domain: GLOBAL"}
{"level":"INFO","message":"[1:18:19.795 PM]: Connection[id: a323c3b3-f91c-4953-a8d1-e6aadd20c1ae] - authentication successful using: SNOWFLAKE"}
{"level":"INFO","message":"[1:18:19.796 PM]: Trying to initialize Easy Logging"}
{"level":"INFO","message":"[1:18:19.803 PM]: No client config detected."}
{"level":"INFO","message":"[1:18:19.803 PM]: No config file path found. Client config will not be used."}
{"level":"INFO","message":"[1:18:19.805 PM]: Easy Logging is disabled as no config has been found"}
{"level":"INFO","message":"[1:18:19.810 PM]: Connection[id: a323c3b3-f91c-4953-a8d1-e6aadd20c1ae] - connected successfully after 18.30029999999533 milliseconds"}
{"level":"INFO","message":"[1:21:26.444 PM]: Creating new connection object"}
{"level":"INFO","message":"[1:21:26.446 PM]: Creating Connection[id: 6371e97f-9a4c-46cb-a4d6-a387b17d3222] with host: WNRWAJN-NBC34656.snowflakecomputing.com, account: WNRWAJN-NBC34656, accessUrl: https://WNRWAJN-NBC34656.snowflakecomputing.com, user: JOHN_DOE, password is provided, role: undefined, database: undefined, schema: undefined, warehouse: undefined, region: undefined, authenticator: SNOWFLAKE, ocsp mode: FAIL_OPEN, os: win32, os version: 10.0.26200"}
{"level":"INFO","message":"[1:21:26.446 PM]: Connection[id: 6371e97f-9a4c-46cb-a4d6-a387b17d3222] additional details: passcode in password is provided, passcode is not provided, private key is not provided, application: undefined, client name: snowflake-sdk, client version: 1.15.0, retry timeout: 300, private key path: undefined, private key pass is not provided, client store temporary credential: false, browser response timeout: 120000"}
{"level":"INFO","message":"[1:21:26.447 PM]: Connection[id: 6371e97f-9a4c-46cb-a4d6-a387b17d3222] - connection object created successfully."}
{"level":"INFO","message":"[1:21:26.447 PM]: Connection[id: 6371e97f-9a4c-46cb-a4d6-a387b17d3222] - connecting. Associated Snowflake domain: GLOBAL"}
{"level":"INFO","message":"[1:21:26.448 PM]: Connection[id: 6371e97f-9a4c-46cb-a4d6-a387b17d3222] - authentication successful using: SNOWFLAKE"}
{"level":"INFO","message":"[1:21:26.449 PM]: Connection[id: 6371e97f-9a4c-46cb-a4d6-a387b17d3222] - connected successfully after 2.096499999985099 milliseconds"}
{"level":"INFO","message":"[1:26:36.558 PM]: Creating new connection object"}
{"level":"INFO","message":"[1:26:36.563 PM]: Creating Connection[id: b7ed1d8b-7d30-4b4d-9986-0d50141a84ba] with host: NBC34656.snowflakecomputing.com, account: NBC34656, accessUrl: https://NBC34656.snowflakecomputing.com, user: JOHN_DOE, password is provided, role: undefined, database: undefined, schema: undefined, warehouse: undefined, region: undefined, authenticator: SNOWFLAKE, ocsp mode: FAIL_OPEN, os: win32, os version: 10.0.26200"}
{"level":"INFO","message":"[1:26:36.566 PM]: Connection[id: b7ed1d8b-7d30-4b4d-9986-0d50141a84ba] additional details: passcode in password is provided, passcode is not provided, private key is not provided, application: undefined, client name: snowflake-sdk, client version: 1.15.0, retry timeout: 300, private key path: undefined, private key pass is not provided, client store temporary credential: false, browser response timeout: 120000"}
{"level":"INFO","message":"[1:26:36.579 PM]: Connection[id: b7ed1d8b-7d30-4b4d-9986-0d50141a84ba] - connection object created successfully."}
{"level":"INFO","message":"[1:26:36.592 PM]: Connection[id: b7ed1d8b-7d30-4b4d-9986-0d50141a84ba] - connecting. Associated Snowflake domain: GLOBAL"}
{"level":"INFO","message":"[1:26:36.610 PM]: Connection[id: b7ed1d8b-7d30-4b4d-9986-0d50141a84ba] - authentication successful using: SNOWFLAKE"}
{"level":"INFO","message":"[1:26:36.636 PM]: Connection[id: b7ed1d8b-7d30-4b4d-9986-0d50141a84ba] - connected successfully after 43.9989999999525 milliseconds"}
{"level":"INFO","message":"[1:29:32.157 PM]: Creating new connection object"}
{"level":"INFO","message":"[1:29:32.172 PM]: Creating Connection[id: 304ab3c8-d703-4e60-8a55-db218136825b] with host: WNRWAJN.NBC34656.snowflakecomputing.com, account: WNRWAJN, accessUrl: https://WNRWAJN.NBC34656.snowflakecomputing.com, user: TEST_USER_API, password is provided, role: undefined, database: undefined, schema: undefined, warehouse: undefined, region: NBC34656, authenticator: SNOWFLAKE, ocsp mode: FAIL_OPEN, os: win32, os version: 10.0.26200"}
{"level":"INFO","message":"[1:29:32.182 PM]: Connection[id: 304ab3c8-d703-4e60-8a55-db218136825b] additional details: passcode in password is provided, passcode is not provided, private key is not provided, application: undefined, client name: snowflake-sdk, client version: 1.15.0, retry timeout: 300, private key path: undefined, private key pass is not provided, client store temporary credential: false, browser response timeout: 120000"}
{"level":"INFO","message":"[1:29:32.193 PM]: Connection[id: 304ab3c8-d703-4e60-8a55-db218136825b] - connection object created successfully."}
{"level":"INFO","message":"[1:29:32.201 PM]: Connection[id: 304ab3c8-d703-4e60-8a55-db218136825b] - connecting. Associated Snowflake domain: GLOBAL"}
{"level":"INFO","message":"[1:29:32.211 PM]: Connection[id: 304ab3c8-d703-4e60-8a55-db218136825b] - authentication successful using: SNOWFLAKE"}
{"level":"INFO","message":"[1:29:32.216 PM]: Connection[id: 304ab3c8-d703-4e60-8a55-db218136825b] - connected successfully after 14.584099999978207 milliseconds"}
{"level":"INFO","message":"[1:32:23.799 PM]: Creating new connection object"}
{"level":"INFO","message":"[1:32:23.801 PM]: Creating Connection[id: 7671fff2-3eaf-4e89-ac5d-34ea89ca64bd] with host: WNRWAJN-NBC34656.snowflakecomputing.com, account: WNRWAJN-NBC34656, accessUrl: https://WNRWAJN-NBC34656.snowflakecomputing.com, user: TEST_USER_API, password is provided, role: undefined, database: undefined, schema: undefined, warehouse: undefined, region: undefined, authenticator: SNOWFLAKE, ocsp mode: FAIL_OPEN, os: win32, os version: 10.0.26200"}
{"level":"INFO","message":"[1:32:23.801 PM]: Connection[id: 7671fff2-3eaf-4e89-ac5d-34ea89ca64bd] additional details: passcode in password is provided, passcode is not provided, private key is not provided, application: undefined, client name: snowflake-sdk, client version: 1.15.0, retry timeout: 300, private key path: undefined, private key pass is not provided, client store temporary credential: false, browser response timeout: 120000"}
{"level":"INFO","message":"[1:32:23.802 PM]: Connection[id: 7671fff2-3eaf-4e89-ac5d-34ea89ca64bd] - connection object created successfully."}
{"level":"INFO","message":"[1:32:23.802 PM]: Connection[id: 7671fff2-3eaf-4e89-ac5d-34ea89ca64bd] - connecting. Associated Snowflake domain: GLOBAL"}
{"level":"INFO","message":"[1:32:23.803 PM]: Connection[id: 7671fff2-3eaf-4e89-ac5d-34ea89ca64bd] - authentication successful using: SNOWFLAKE"}
{"level":"INFO","message":"[1:32:23.803 PM]: Connection[id: 7671fff2-3eaf-4e89-ac5d-34ea89ca64bd] - connected successfully after 1.41980000003241 milliseconds"}
{"level":"INFO","message":"[1:34:59.975 PM]: Creating new connection object"}
{"level":"INFO","message":"[1:35:00.095 PM]: Creating Connection[id: 3f95a51f-1de3-4c9a-b953-ab37821a522b] with host: WNRWAJN-NBC34656.snowflakecomputing.com, account: WNRWAJN-NBC34656, accessUrl: https://WNRWAJN-NBC34656.snowflakecomputing.com, user: TEST_USER_API, password is provided, role: undefined, database: undefined, schema: undefined, warehouse: undefined, region: undefined, authenticator: SNOWFLAKE, ocsp mode: FAIL_OPEN, os: win32, os version: 10.0.26200"}
{"level":"INFO","message":"[1:35:00.098 PM]: Connection[id: 3f95a51f-1de3-4c9a-b953-ab37821a522b] additional details: passcode in password is provided, passcode is not provided, private key is not provided, application: undefined, client name: snowflake-sdk, client version: 1.15.0, retry timeout: 300, private key path: undefined, private key pass is not provided, client store temporary credential: false, browser response timeout: 120000"}
{"level":"INFO","message":"[1:35:00.102 PM]: Connection[id: 3f95a51f-1de3-4c9a-b953-ab37821a522b] - connection object created successfully."}
{"level":"INFO","message":"[1:35:00.104 PM]: Connection[id: 3f95a51f-1de3-4c9a-b953-ab37821a522b] - connecting. Associated Snowflake domain: GLOBAL"}
{"level":"INFO","message":"[1:35:00.106 PM]: Connection[id: 3f95a51f-1de3-4c9a-b953-ab37821a522b] - authentication successful using: SNOWFLAKE"}
{"level":"INFO","message":"[1:35:00.109 PM]: Trying to initialize Easy Logging"}
{"level":"INFO","message":"[1:35:00.115 PM]: No client config detected."}
{"level":"INFO","message":"[1:35:00.116 PM]: No config file path found. Client config will not be used."}
{"level":"INFO","message":"[1:35:00.119 PM]: Easy Logging is disabled as no config has been found"}
{"level":"INFO","message":"[1:35:00.127 PM]: Connection[id: 3f95a51f-1de3-4c9a-b953-ab37821a522b] - connected successfully after 23.197399999997288 milliseconds"}
{"level":"INFO","message":"[1:35:44.571 PM]: Creating new connection object"}
{"level":"INFO","message":"[1:35:44.579 PM]: Creating Connection[id: 95a719f7-2b58-4456-bedc-501871d1287c] with host: WNRWAJN-NBC34656.snowflakecomputing.com, account: WNRWAJN-NBC34656, accessUrl: https://WNRWAJN-NBC34656.snowflakecomputing.com, user: TEST_USER_API, password is provided, role: undefined, database: undefined, schema: undefined, warehouse: undefined, region: undefined, authenticator: SNOWFLAKE, ocsp mode: FAIL_OPEN, os: win32, os version: 10.0.26200"}
{"level":"INFO","message":"[1:35:44.582 PM]: Connection[id: 95a719f7-2b58-4456-bedc-501871d1287c] additional details: passcode in password is provided, passcode is not provided, private key is not provided, application: undefined, client name: snowflake-sdk, client version: 1.15.0, retry timeout: 300, private key path: undefined, private key pass is not provided, client store temporary credential: false, browser response timeout: 120000"}
{"level":"INFO","message":"[1:35:44.586 PM]: Connection[id: 95a719f7-2b58-4456-bedc-501871d1287c] - connection object created successfully."}
{"level":"INFO","message":"[1:35:44.592 PM]: Connection[id: 95a719f7-2b58-4456-bedc-501871d1287c] - connecting. Associated Snowflake domain: GLOBAL"}
{"level":"INFO","message":"[1:35:44.599 PM]: Connection[id: 95a719f7-2b58-4456-bedc-501871d1287c] - authentication successful using: SNOWFLAKE"}
{"level":"INFO","message":"[1:35:44.606 PM]: Connection[id: 95a719f7-2b58-4456-bedc-501871d1287c] - connected successfully after 18.22379999999248 milliseconds"}
{"level":"INFO","message":"[1:38:03.744 PM]: Creating new connection object"}
{"level":"INFO","message":"[1:38:03.801 PM]: Creating Connection[id: 717561cb-13d5-46ed-bb32-224ffc65e214] with host: WNRWAJN-NBC34656.snowflakecomputing.com, account: WNRWAJN-NBC34656, accessUrl: https://WNRWAJN-NBC34656.snowflakecomputing.com, user: TEST_USER_API, password is provided, role: undefined, database: undefined, schema: undefined, warehouse: undefined, region: undefined, authenticator: SNOWFLAKE, ocsp mode: FAIL_OPEN, os: win32, os version: 10.0.26200"}
{"level":"INFO","message":"[1:38:03.802 PM]: Connection[id: 717561cb-13d5-46ed-bb32-224ffc65e214] additional details: passcode in password is provided, passcode is not provided, private key is not provided, application: undefined, client name: snowflake-sdk, client version: 1.15.0, retry timeout: 300, private key path: undefined, private key pass is not provided, client store temporary credential: false, browser response timeout: 120000"}
{"level":"INFO","message":"[1:38:03.807 PM]: Connection[id: 717561cb-13d5-46ed-bb32-224ffc65e214] - connection object created successfully."}
{"level":"INFO","message":"[1:38:03.809 PM]: Connection[id: 717561cb-13d5-46ed-bb32-224ffc65e214] - connecting. Associated Snowflake domain: GLOBAL"}
{"level":"INFO","message":"[1:38:03.821 PM]: Connection[id: 717561cb-13d5-46ed-bb32-224ffc65e214] - authentication successful using: SNOWFLAKE"}
{"level":"INFO","message":"[1:38:03.829 PM]: Trying to initialize Easy Logging"}
{"level":"INFO","message":"[1:38:03.846 PM]: No client config detected."}
{"level":"INFO","message":"[1:38:03.856 PM]: No config file path found. Client config will not be used."}
{"level":"INFO","message":"[1:38:03.862 PM]: Easy Logging is disabled as no config has been found"}
{"level":"INFO","message":"[1:38:03.880 PM]: Connection[id: 717561cb-13d5-46ed-bb32-224ffc65e214] - connected successfully after 70.8689000000013 milliseconds"}
{"level":"INFO","message":"[11:48:29.020 AM]: Creating new connection object"}
{"level":"INFO","message":"[11:48:29.122 AM]: Creating Connection[id: f97ad707-1ce9-4bd2-b55b-a3001a1fadb8] with host: WNRWAJN-NBC34656.snowflakecomputing.com, account: WNRWAJN-NBC34656, accessUrl: https://WNRWAJN-NBC34656.snowflakecomputing.com, user: TEST_USER_API, password is provided, role: undefined, database: undefined, schema: undefined, warehouse: undefined, region: undefined, authenticator: SNOWFLAKE, ocsp mode: FAIL_OPEN, os: darwin, os version: 25.2.0"}
{"level":"INFO","message":"[11:48:29.123 AM]: Connection[id: f97ad707-1ce9-4bd2-b55b-a3001a1fadb8] additional details: passcode in password is provided, passcode is not provided, private key is not provided, application: undefined, client name: snowflake-sdk, client version: 1.15.0, retry timeout: 300, private key path: undefined, private key pass is not provided, client store temporary credential: false, browser response timeout: 120000"}
{"level":"INFO","message":"[11:48:29.123 AM]: Connection[id: f97ad707-1ce9-4bd2-b55b-a3001a1fadb8] - connection object created successfully."}
{"level":"INFO","message":"[11:48:29.127 AM]: Connection[id: f97ad707-1ce9-4bd2-b55b-a3001a1fadb8] - connecting. Associated Snowflake domain: GLOBAL"}
{"level":"INFO","message":"[11:48:29.128 AM]: Connection[id: f97ad707-1ce9-4bd2-b55b-a3001a1fadb8] - authentication successful using: SNOWFLAKE"}
{"level":"INFO","message":"[11:48:29.128 AM]: Trying to initialize Easy Logging"}
{"level":"INFO","message":"[11:48:29.134 AM]: No client config detected."}
{"level":"INFO","message":"[11:48:29.134 AM]: No config file path found. Client config will not be used."}
{"level":"INFO","message":"[11:48:29.135 AM]: Easy Logging is disabled as no config has been found"}
{"level":"INFO","message":"[11:48:29.146 AM]: Connection[id: f97ad707-1ce9-4bd2-b55b-a3001a1fadb8] - connected successfully after 18.92349999997532 milliseconds"}
{"level":"INFO","message":"[11:48:32.614 AM]: Creating new connection object"}
{"level":"INFO","message":"[11:48:32.615 AM]: Creating Connection[id: feb78605-8ca7-448f-91f8-5a127d2d2492] with host: WNRWAJN-NBC34656.snowflakecomputing.com, account: WNRWAJN-NBC34656, accessUrl: https://WNRWAJN-NBC34656.snowflakecomputing.com, user: TEST_USER_API, password is provided, role: undefined, database: undefined, schema: undefined, warehouse: undefined, region: undefined, authenticator: SNOWFLAKE, ocsp mode: FAIL_OPEN, os: darwin, os version: 25.2.0"}
{"level":"INFO","message":"[11:48:32.615 AM]: Connection[id: feb78605-8ca7-448f-91f8-5a127d2d2492] additional details: passcode in password is provided, passcode is not provided, private key is not provided, application: undefined, client name: snowflake-sdk, client version: 1.15.0, retry timeout: 300, private key path: undefined, private key pass is not provided, client store temporary credential: false, browser response timeout: 120000"}
{"level":"INFO","message":"[11:48:32.615 AM]: Connection[id: feb78605-8ca7-448f-91f8-5a127d2d2492] - connection object created successfully."}
{"level":"INFO","message":"[11:48:32.615 AM]: Connection[id: feb78605-8ca7-448f-91f8-5a127d2d2492] - connecting. Associated Snowflake domain: GLOBAL"}
{"level":"INFO","message":"[11:48:32.615 AM]: Connection[id: feb78605-8ca7-448f-91f8-5a127d2d2492] - authentication successful using: SNOWFLAKE"}
{"level":"INFO","message":"[11:48:32.616 AM]: Connection[id: feb78605-8ca7-448f-91f8-5a127d2d2492] - connected successfully after 0.7687919999589212 milliseconds"}
{"level":"INFO","message":"[11:51:25.958 AM]: Creating new connection object"}
{"level":"INFO","message":"[11:51:26.033 AM]: Creating Connection[id: 3fe2770e-08fc-4691-9e43-95c9bd172598] with host: WNRWAJN-NBC34656.snowflakecomputing.com, account: WNRWAJN-NBC34656, accessUrl: https://WNRWAJN-NBC34656.snowflakecomputing.com, user: TEST_USER_API, password is provided, role: undefined, database: undefined, schema: undefined, warehouse: undefined, region: undefined, authenticator: SNOWFLAKE, ocsp mode: FAIL_OPEN, os: darwin, os version: 25.2.0"}
{"level":"INFO","message":"[11:51:26.033 AM]: Connection[id: 3fe2770e-08fc-4691-9e43-95c9bd172598] additional details: passcode in password is provided, passcode is not provided, private key is not provided, application: undefined, client name: snowflake-sdk, client version: 1.15.0, retry timeout: 300, private key path: undefined, private key pass is not provided, client store temporary credential: false, browser response timeout: 120000"}
{"level":"INFO","message":"[11:51:26.033 AM]: Connection[id: 3fe2770e-08fc-4691-9e43-95c9bd172598] - connection object created successfully."}
{"level":"INFO","message":"[11:51:26.033 AM]: Connection[id: 3fe2770e-08fc-4691-9e43-95c9bd172598] - connecting. Associated Snowflake domain: GLOBAL"}
{"level":"INFO","message":"[11:51:26.034 AM]: Connection[id: 3fe2770e-08fc-4691-9e43-95c9bd172598] - authentication successful using: SNOWFLAKE"}
{"level":"INFO","message":"[11:51:26.052 AM]: Connection[id: 3fe2770e-08fc-4691-9e43-95c9bd172598] - connected successfully after 17.636541999992914 milliseconds"}
{"level":"INFO","message":"[11:53:33.102 AM]: Creating new connection object"}
{"level":"INFO","message":"[11:53:33.131 AM]: Creating Connection[id: 5ae5e300-60f5-4bd9-b9df-6b20459a006c] with host: WNRWAJN-NBC34656.snowflakecomputing.com, account: WNRWAJN-NBC34656, accessUrl: https://WNRWAJN-NBC34656.snowflakecomputing.com, user: TEST_USER_API, password is provided, role: undefined, database: undefined, schema: undefined, warehouse: undefined, region: undefined, authenticator: SNOWFLAKE, ocsp mode: FAIL_OPEN, os: darwin, os version: 25.2.0"}
{"level":"INFO","message":"[11:53:33.132 AM]: Connection[id: 5ae5e300-60f5-4bd9-b9df-6b20459a006c] additional details: passcode in password is provided, passcode is not provided, private key is not provided, application: undefined, client name: snowflake-sdk, client version: 1.15.0, retry timeout: 300, private key path: undefined, private key pass is not provided, client store temporary credential: false, browser response timeout: 120000"}
{"level":"INFO","message":"[11:53:33.133 AM]: Connection[id: 5ae5e300-60f5-4bd9-b9df-6b20459a006c] - connection object created successfully."}
{"level":"INFO","message":"[11:53:33.133 AM]: Connection[id: 5ae5e300-60f5-4bd9-b9df-6b20459a006c] - connecting. Associated Snowflake domain: GLOBAL"}
{"level":"INFO","message":"[11:53:33.135 AM]: Connection[id: 5ae5e300-60f5-4bd9-b9df-6b20459a006c] - authentication successful using: SNOWFLAKE"}
{"level":"INFO","message":"[11:53:33.139 AM]: Connection[id: 5ae5e300-60f5-4bd9-b9df-6b20459a006c] - connected successfully after 5.962416999973357 milliseconds"}
{"level":"INFO","message":"[11:56:25.943 AM]: Creating new connection object"}
{"level":"INFO","message":"[11:56:26.014 AM]: Creating Connection[id: c07c0a5b-1c0d-4378-b030-e5d138686f27] with host: WNRWAJN-NBC34656.snowflakecomputing.com, account: WNRWAJN-NBC34656, accessUrl: https://WNRWAJN-NBC34656.snowflakecomputing.com, user: TEST_USER_API, password is provided, role: undefined, database: undefined, schema: undefined, warehouse: undefined, region: undefined, authenticator: SNOWFLAKE, ocsp mode: FAIL_OPEN, os: darwin, os version: 25.2.0"}
{"level":"INFO","message":"[11:56:26.014 AM]: Connection[id: c07c0a5b-1c0d-4378-b030-e5d138686f27] additional details: passcode in password is provided, passcode is not provided, private key is not provided, application: undefined, client name: snowflake-sdk, client version: 1.15.0, retry timeout: 300, private key path: undefined, private key pass is not provided, client store temporary credential: false, browser response timeout: 120000"}
{"level":"INFO","message":"[11:56:26.015 AM]: Connection[id: c07c0a5b-1c0d-4378-b030-e5d138686f27] - connection object created successfully."}
{"level":"INFO","message":"[11:56:26.016 AM]: Connection[id: c07c0a5b-1c0d-4378-b030-e5d138686f27] - connecting. Associated Snowflake domain: GLOBAL"}
{"level":"INFO","message":"[11:56:26.018 AM]: Connection[id: c07c0a5b-1c0d-4378-b030-e5d138686f27] - authentication successful using: SNOWFLAKE"}
{"level":"INFO","message":"[11:56:26.049 AM]: Connection[id: c07c0a5b-1c0d-4378-b030-e5d138686f27] - connected successfully after 32.8667500000447 milliseconds"}
{"level":"INFO","message":"[11:58:33.082 AM]: Creating new connection object"}
{"level":"INFO","message":"[11:58:33.153 AM]: Creating Connection[id: 8540a752-0d93-4ccf-8aea-220cc623ef21] with host: WNRWAJN-NBC34656.snowflakecomputing.com, account: WNRWAJN-NBC34656, accessUrl: https://WNRWAJN-NBC34656.snowflakecomputing.com, user: TEST_USER_API, password is provided, role: undefined, database: undefined, schema: undefined, warehouse: undefined, region: undefined, authenticator: SNOWFLAKE, ocsp mode: FAIL_OPEN, os: darwin, os version: 25.2.0"}
{"level":"INFO","message":"[11:58:33.153 AM]: Connection[id: 8540a752-0d93-4ccf-8aea-220cc623ef21] additional details: passcode in password is provided, passcode is not provided, private key is not provided, application: undefined, client name: snowflake-sdk, client version: 1.15.0, retry timeout: 300, private key path: undefined, private key pass is not provided, client store temporary credential: false, browser response timeout: 120000"}
{"level":"INFO","message":"[11:58:33.153 AM]: Connection[id: 8540a752-0d93-4ccf-8aea-220cc623ef21] - connection object created successfully."}
{"level":"INFO","message":"[11:58:33.154 AM]: Connection[id: 8540a752-0d93-4ccf-8aea-220cc623ef21] - connecting. Associated Snowflake domain: GLOBAL"}
{"level":"INFO","message":"[11:58:33.155 AM]: Connection[id: 8540a752-0d93-4ccf-8aea-220cc623ef21] - authentication successful using: SNOWFLAKE"}
{"level":"INFO","message":"[11:58:33.186 AM]: Connection[id: 8540a752-0d93-4ccf-8aea-220cc623ef21] - connected successfully after 30.2361249999376 milliseconds"}
{"level":"INFO","message":"[12:01:25.931 PM]: Creating new connection object"}
{"level":"INFO","message":"[12:01:26.005 PM]: Creating Connection[id: 48ccaee9-7385-447b-9955-3359772c4ec9] with host: WNRWAJN-NBC34656.snowflakecomputing.com, account: WNRWAJN-NBC34656, accessUrl: https://WNRWAJN-NBC34656.snowflakecomputing.com, user: TEST_USER_API, password is provided, role: undefined, database: undefined, schema: undefined, warehouse: undefined, region: undefined, authenticator: SNOWFLAKE, ocsp mode: FAIL_OPEN, os: darwin, os version: 25.2.0"}
{"level":"INFO","message":"[12:01:26.006 PM]: Connection[id: 48ccaee9-7385-447b-9955-3359772c4ec9] additional details: passcode in password is provided, passcode is not provided, private key is not provided, application: undefined, client name: snowflake-sdk, client version: 1.15.0, retry timeout: 300, private key path: undefined, private key pass is not provided, client store temporary credential: false, browser response timeout: 120000"}
{"level":"INFO","message":"[12:01:26.006 PM]: Connection[id: 48ccaee9-7385-447b-9955-3359772c4ec9] - connection object created successfully."}
{"level":"INFO","message":"[12:01:26.006 PM]: Connection[id: 48ccaee9-7385-447b-9955-3359772c4ec9] - connecting. Associated Snowflake domain: GLOBAL"}
{"level":"INFO","message":"[12:01:26.008 PM]: Connection[id: 48ccaee9-7385-447b-9955-3359772c4ec9] - authentication successful using: SNOWFLAKE"}
{"level":"INFO","message":"[12:01:26.034 PM]: Connection[id: 48ccaee9-7385-447b-9955-3359772c4ec9] - connected successfully after 25.952624999918044 milliseconds"}
{"level":"INFO","message":"[12:03:33.139 PM]: Creating new connection object"}
{"level":"INFO","message":"[12:03:33.366 PM]: Creating Connection[id: 760df86c-ed3e-4483-8d5e-fe180367c4d5] with host: WNRWAJN-NBC34656.snowflakecomputing.com, account: WNRWAJN-NBC34656, accessUrl: https://WNRWAJN-NBC34656.snowflakecomputing.com, user: TEST_USER_API, password is provided, role: undefined, database: undefined, schema: undefined, warehouse: undefined, region: undefined, authenticator: SNOWFLAKE, ocsp mode: FAIL_OPEN, os: darwin, os version: 25.2.0"}
{"level":"INFO","message":"[12:03:33.393 PM]: Connection[id: 760df86c-ed3e-4483-8d5e-fe180367c4d5] additional details: passcode in password is provided, passcode is not provided, private key is not provided, application: undefined, client name: snowflake-sdk, client version: 1.15.0, retry timeout: 300, private key path: undefined, private key pass is not provided, client store temporary credential: false, browser response timeout: 120000"}
{"level":"INFO","message":"[12:03:33.394 PM]: Connection[id: 760df86c-ed3e-4483-8d5e-fe180367c4d5] - connection object created successfully."}
{"level":"INFO","message":"[12:03:33.394 PM]: Connection[id: 760df86c-ed3e-4483-8d5e-fe180367c4d5] - connecting. Associated Snowflake domain: GLOBAL"}
{"level":"INFO","message":"[12:03:33.397 PM]: Connection[id: 760df86c-ed3e-4483-8d5e-fe180367c4d5] - authentication successful using: SNOWFLAKE"}
{"level":"INFO","message":"[12:03:33.441 PM]: Connection[id: 760df86c-ed3e-4483-8d5e-fe180367c4d5] - connected successfully after 46.745292000006884 milliseconds"}
{"level":"INFO","message":"[12:06:25.930 PM]: Creating new connection object"}
{"level":"INFO","message":"[12:06:25.986 PM]: Creating Connection[id: 82859a41-1f3d-4f08-9c32-f527b6a54c27] with host: WNRWAJN-NBC34656.snowflakecomputing.com, account: WNRWAJN-NBC34656, accessUrl: https://WNRWAJN-NBC34656.snowflakecomputing.com, user: TEST_USER_API, password is provided, role: undefined, database: undefined, schema: undefined, warehouse: undefined, region: undefined, authenticator: SNOWFLAKE, ocsp mode: FAIL_OPEN, os: darwin, os version: 25.2.0"}
{"level":"INFO","message":"[12:06:25.987 PM]: Connection[id: 82859a41-1f3d-4f08-9c32-f527b6a54c27] additional details: passcode in password is provided, passcode is not provided, private key is not provided, application: undefined, client name: snowflake-sdk, client version: 1.15.0, retry timeout: 300, private key path: undefined, private key pass is not provided, client store temporary credential: false, browser response timeout: 120000"}
{"level":"INFO","message":"[12:06:25.988 PM]: Connection[id: 82859a41-1f3d-4f08-9c32-f527b6a54c27] - connection object created successfully."}
{"level":"INFO","message":"[12:06:25.988 PM]: Connection[id: 82859a41-1f3d-4f08-9c32-f527b6a54c27] - connecting. Associated Snowflake domain: GLOBAL"}
{"level":"INFO","message":"[12:06:25.991 PM]: Connection[id: 82859a41-1f3d-4f08-9c32-f527b6a54c27] - authentication successful using: SNOWFLAKE"}
{"level":"INFO","message":"[12:06:26.022 PM]: Connection[id: 82859a41-1f3d-4f08-9c32-f527b6a54c27] - connected successfully after 32.567125000059605 milliseconds"}
{"level":"INFO","message":"[12:08:33.108 PM]: Creating new connection object"}
{"level":"INFO","message":"[12:08:33.155 PM]: Creating Connection[id: d5adc832-5403-4b5f-b4be-e80687057270] with host: WNRWAJN-NBC34656.snowflakecomputing.com, account: WNRWAJN-NBC34656, accessUrl: https://WNRWAJN-NBC34656.snowflakecomputing.com, user: TEST_USER_API, password is provided, role: undefined, database: undefined, schema: undefined, warehouse: undefined, region: undefined, authenticator: SNOWFLAKE, ocsp mode: FAIL_OPEN, os: darwin, os version: 25.2.0"}
{"level":"INFO","message":"[12:08:33.155 PM]: Connection[id: d5adc832-5403-4b5f-b4be-e80687057270] additional details: passcode in password is provided, passcode is not provided, private key is not provided, application: undefined, client name: snowflake-sdk, client version: 1.15.0, retry timeout: 300, private key path: undefined, private key pass is not provided, client store temporary credential: false, browser response timeout: 120000"}
{"level":"INFO","message":"[12:08:33.155 PM]: Connection[id: d5adc832-5403-4b5f-b4be-e80687057270] - connection object created successfully."}
{"level":"INFO","message":"[12:08:33.156 PM]: Connection[id: d5adc832-5403-4b5f-b4be-e80687057270] - connecting. Associated Snowflake domain: GLOBAL"}
{"level":"INFO","message":"[12:08:33.157 PM]: Connection[id: d5adc832-5403-4b5f-b4be-e80687057270] - authentication successful using: SNOWFLAKE"}
{"level":"INFO","message":"[12:08:33.174 PM]: Connection[id: d5adc832-5403-4b5f-b4be-e80687057270] - connected successfully after 17.493290999904275 milliseconds"}
{"level":"INFO","message":"[12:11:25.931 PM]: Creating new connection object"}
{"level":"INFO","message":"[12:11:25.990 PM]: Creating Connection[id: f9e68c47-ff47-4510-8d83-4b123cabee3a] with host: WNRWAJN-NBC34656.snowflakecomputing.com, account: WNRWAJN-NBC34656, accessUrl: https://WNRWAJN-NBC34656.snowflakecomputing.com, user: TEST_USER_API, password is provided, role: undefined, database: undefined, schema: undefined, warehouse: undefined, region: undefined, authenticator: SNOWFLAKE, ocsp mode: FAIL_OPEN, os: darwin, os version: 25.2.0"}
{"level":"INFO","message":"[12:11:25.990 PM]: Connection[id: f9e68c47-ff47-4510-8d83-4b123cabee3a] additional details: passcode in password is provided, passcode is not provided, private key is not provided, application: undefined, client name: snowflake-sdk, client version: 1.15.0, retry timeout: 300, private key path: undefined, private key pass is not provided, client store temporary credential: false, browser response timeout: 120000"}
{"level":"INFO","message":"[12:11:25.990 PM]: Connection[id: f9e68c47-ff47-4510-8d83-4b123cabee3a] - connection object created successfully."}
{"level":"INFO","message":"[12:11:25.991 PM]: Connection[id: f9e68c47-ff47-4510-8d83-4b123cabee3a] - connecting. Associated Snowflake domain: GLOBAL"}
{"level":"INFO","message":"[12:11:25.992 PM]: Connection[id: f9e68c47-ff47-4510-8d83-4b123cabee3a] - authentication successful using: SNOWFLAKE"}
{"level":"INFO","message":"[12:11:26.004 PM]: Connection[id: f9e68c47-ff47-4510-8d83-4b123cabee3a] - connected successfully after 13.658917000051588 milliseconds"}
{"level":"INFO","message":"[12:13:33.110 PM]: Creating new connection object"}
{"level":"INFO","message":"[12:13:33.156 PM]: Creating Connection[id: 7f907605-e83e-474f-af52-392161997b57] with host: WNRWAJN-NBC34656.snowflakecomputing.com, account: WNRWAJN-NBC34656, accessUrl: https://WNRWAJN-NBC34656.snowflakecomputing.com, user: TEST_USER_API, password is provided, role: undefined, database: undefined, schema: undefined, warehouse: undefined, region: undefined, authenticator: SNOWFLAKE, ocsp mode: FAIL_OPEN, os: darwin, os version: 25.2.0"}
{"level":"INFO","message":"[12:13:33.157 PM]: Connection[id: 7f907605-e83e-474f-af52-392161997b57] additional details: passcode in password is provided, passcode is not provided, private key is not provided, application: undefined, client name: snowflake-sdk, client version: 1.15.0, retry timeout: 300, private key path: undefined, private key pass is not provided, client store temporary credential: false, browser response timeout: 120000"}
{"level":"INFO","message":"[12:13:33.157 PM]: Connection[id: 7f907605-e83e-474f-af52-392161997b57] - connection object created successfully."}
{"level":"INFO","message":"[12:13:33.157 PM]: Connection[id: 7f907605-e83e-474f-af52-392161997b57] - connecting. Associated Snowflake domain: GLOBAL"}
{"level":"INFO","message":"[12:13:33.158 PM]: Connection[id: 7f907605-e83e-474f-af52-392161997b57] - authentication successful using: SNOWFLAKE"}
{"level":"INFO","message":"[12:13:33.177 PM]: Connection[id: 7f907605-e83e-474f-af52-392161997b57] - connected successfully after 19.102042000042275 milliseconds"}
{"level":"INFO","message":"[12:16:25.938 PM]: Creating new connection object"}
{"level":"INFO","message":"[12:16:26.012 PM]: Creating Connection[id: 2677a20c-8c79-46eb-8f42-e21f4c4a531b] with host: WNRWAJN-NBC34656.snowflakecomputing.com, account: WNRWAJN-NBC34656, accessUrl: https://WNRWAJN-NBC34656.snowflakecomputing.com, user: TEST_USER_API, password is provided, role: undefined, database: undefined, schema: undefined, warehouse: undefined, region: undefined, authenticator: SNOWFLAKE, ocsp mode: FAIL_OPEN, os: darwin, os version: 25.2.0"}
{"level":"INFO","message":"[12:16:26.012 PM]: Connection[id: 2677a20c-8c79-46eb-8f42-e21f4c4a531b] additional details: passcode in password is provided, passcode is not provided, private key is not provided, application: undefined, client name: snowflake-sdk, client version: 1.15.0, retry timeout: 300, private key path: undefined, private key pass is not provided, client store temporary credential: false, browser response timeout: 120000"}
{"level":"INFO","message":"[12:16:26.015 PM]: Connection[id: 2677a20c-8c79-46eb-8f42-e21f4c4a531b] - connection object created successfully."}
{"level":"INFO","message":"[12:16:26.015 PM]: Connection[id: 2677a20c-8c79-46eb-8f42-e21f4c4a531b] - connecting. Associated Snowflake domain: GLOBAL"}
{"level":"INFO","message":"[12:16:26.019 PM]: Connection[id: 2677a20c-8c79-46eb-8f42-e21f4c4a531b] - authentication successful using: SNOWFLAKE"}
{"level":"INFO","message":"[12:16:26.042 PM]: Connection[id: 2677a20c-8c79-46eb-8f42-e21f4c4a531b] - connected successfully after 24.983459000010043 milliseconds"}
{"level":"INFO","message":"[12:18:33.109 PM]: Creating new connection object"}
{"level":"INFO","message":"[12:18:33.137 PM]: Creating Connection[id: dcf35b81-a0b5-4615-855e-aaecc8e9c0b3] with host: WNRWAJN-NBC34656.snowflakecomputing.com, account: WNRWAJN-NBC34656, accessUrl: https://WNRWAJN-NBC34656.snowflakecomputing.com, user: TEST_USER_API, password is provided, role: undefined, database: undefined, schema: undefined, warehouse: undefined, region: undefined, authenticator: SNOWFLAKE, ocsp mode: FAIL_OPEN, os: darwin, os version: 25.2.0"}
{"level":"INFO","message":"[12:18:33.138 PM]: Connection[id: dcf35b81-a0b5-4615-855e-aaecc8e9c0b3] additional details: passcode in password is provided, passcode is not provided, private key is not provided, application: undefined, client name: snowflake-sdk, client version: 1.15.0, retry timeout: 300, private key path: undefined, private key pass is not provided, client store temporary credential: false, browser response timeout: 120000"}
{"level":"INFO","message":"[12:18:33.138 PM]: Connection[id: dcf35b81-a0b5-4615-855e-aaecc8e9c0b3] - connection object created successfully."}
{"level":"INFO","message":"[12:18:33.138 PM]: Connection[id: dcf35b81-a0b5-4615-855e-aaecc8e9c0b3] - connecting. Associated Snowflake domain: GLOBAL"}
{"level":"INFO","message":"[12:18:33.139 PM]: Connection[id: dcf35b81-a0b5-4615-855e-aaecc8e9c0b3] - authentication successful using: SNOWFLAKE"}
{"level":"INFO","message":"[12:18:33.155 PM]: Connection[id: dcf35b81-a0b5-4615-855e-aaecc8e9c0b3] - connected successfully after 16.590958000160754 milliseconds"}
{"level":"INFO","message":"[12:21:25.959 PM]: Creating new connection object"}
{"level":"INFO","message":"[12:21:25.989 PM]: Creating Connection[id: 2183b822-d02a-4455-bc33-f9b225fbdce4] with host: WNRWAJN-NBC34656.snowflakecomputing.com, account: WNRWAJN-NBC34656, accessUrl: https://WNRWAJN-NBC34656.snowflakecomputing.com, user: TEST_USER_API, password is provided, role: undefined, database: undefined, schema: undefined, warehouse: undefined, region: undefined, authenticator: SNOWFLAKE, ocsp mode: FAIL_OPEN, os: darwin, os version: 25.2.0"}
{"level":"INFO","message":"[12:21:25.990 PM]: Connection[id: 2183b822-d02a-4455-bc33-f9b225fbdce4] additional details: passcode in password is provided, passcode is not provided, private key is not provided, application: undefined, client name: snowflake-sdk, client version: 1.15.0, retry timeout: 300, private key path: undefined, private key pass is not provided, client store temporary credential: false, browser response timeout: 120000"}
{"level":"INFO","message":"[12:21:25.991 PM]: Connection[id: 2183b822-d02a-4455-bc33-f9b225fbdce4] - connection object created successfully."}
{"level":"INFO","message":"[12:21:25.993 PM]: Connection[id: 2183b822-d02a-4455-bc33-f9b225fbdce4] - connecting. Associated Snowflake domain: GLOBAL"}
{"level":"INFO","message":"[12:21:25.994 PM]: Connection[id: 2183b822-d02a-4455-bc33-f9b225fbdce4] - authentication successful using: SNOWFLAKE"}
{"level":"INFO","message":"[12:21:26.001 PM]: Connection[id: 2183b822-d02a-4455-bc33-f9b225fbdce4] - connected successfully after 7.855250000022352 milliseconds"}
